-------------------------------------------------------------------------------
Test set: TestSuite
-------------------------------------------------------------------------------
Tests run: 2, Failures: 1, Errors: 0, Skipped: 0, Time elapsed: 21.658 s <<< FAILURE! - in TestSuite
cucumberOptions.TestNGTestRunner.runScenario["Search Experience for product search in both home and Offers page", "Search and Place the order for Products"](1)  Time elapsed: 18.823 s  <<< FAILURE!
java.lang.AssertionError: expected [No data] but found [Beetroot]

